<?xml version="1.0" encoding="UTF-8"?>
<!-- Generated by org.testng.reporters.JUnitXMLReporter -->
<testsuite hostname="Sarang-Notebook" ignored="0" name="Test" tests="3" failures="0" timestamp="22 Jul 2019 13:51:25 GMT" time="14.858" errors="0">
  <testcase name="rightClickConsecept" time="7.676" classname="testcases.testCase_1"/>
  <testcase name="rightClickConsecept1" time="3.473" classname="testcases.testCase_1"/>
  <testcase name="rightClickConsecept2" time="3.686" classname="testcases.testCase_1"/>
</testsuite> <!-- Test -->
