<?xml version="1.0" encoding="UTF-8"?>
<!-- Generated by org.testng.reporters.JUnitXMLReporter -->
<testsuite hostname="Sarang-Notebook" ignored="0" name="Test" tests="3" failures="0" timestamp="10 May 2020 14:58:44 GMT" time="27.485" errors="0">
  <testcase name="rightClickConsecept" time="11.202" classname="testcases.testCase_1"/>
  <testcase name="rightClickConsecept1" time="8.313" classname="testcases.testCase_1"/>
  <testcase name="rightClickConsecept2" time="7.944" classname="testcases.testCase_1"/>
</testsuite> <!-- Test -->
