<?xml version="1.0" encoding="UTF-8"?>
<testng-results ignored="0" total="3" passed="3" failed="0" skipped="0">
  <reporter-output>
  </reporter-output>
  <suite started-at="2022-10-10T14:17:27Z" name="Default suite" finished-at="2022-10-10T14:17:39Z" duration-ms="11600">
    <groups>
    </groups>
    <test started-at="2022-10-10T14:17:27Z" name="Default test" finished-at="2022-10-10T14:17:39Z" duration-ms="11600">
      <class name="testcases.testCase_1">
        <test-method signature="rightClickConsecept()[pri:1, instance:testcases.testCase_1@302f7971]" started-at="2022-10-10T14:17:27Z" name="rightClickConsecept" finished-at="2022-10-10T14:17:33Z" duration-ms="5448" status="PASS">
          <reporter-output>
          </reporter-output>
        </test-method> <!-- rightClickConsecept -->
        <test-method signature="rightClickConsecept1()[pri:2, instance:testcases.testCase_1@302f7971]" started-at="2022-10-10T14:17:33Z" name="rightClickConsecept1" finished-at="2022-10-10T14:17:36Z" duration-ms="3781" status="PASS">
          <reporter-output>
          </reporter-output>
        </test-method> <!-- rightClickConsecept1 -->
        <test-method signature="rightClickConsecept2()[pri:3, instance:testcases.testCase_1@302f7971]" started-at="2022-10-10T14:17:36Z" name="rightClickConsecept2" finished-at="2022-10-10T14:17:39Z" duration-ms="2347" status="PASS">
          <reporter-output>
          </reporter-output>
        </test-method> <!-- rightClickConsecept2 -->
      </class> <!-- testcases.testCase_1 -->
    </test> <!-- Default test -->
  </suite> <!-- Default suite -->
</testng-results>
